<?xml version="1.0" encoding="UTF-8"?>
<coverage generated="1601694245989" clover="3.2.0">
  <project timestamp="1601694245989" name="All files">
    <metrics statements="44" coveredstatements="44" conditionals="10" coveredconditionals="10" methods="12" coveredmethods="12" elements="66" coveredelements="66" complexity="0" loc="44" ncloc="44" packages="1" files="4" classes="4"/>
    <file name="WechatEmojiPanel.js" path="/Users/monine/github/wechat-emoji/src/WechatEmojiPanel.js">
      <metrics statements="22" coveredstatements="22" conditionals="4" coveredconditionals="4" methods="3" coveredmethods="3"/>
      <line num="6" count="2" type="stmt"/>
      <line num="8" count="2" type="cond" truecount="2" falsecount="0"/>
      <line num="9" count="1" type="stmt"/>
      <line num="12" count="1" type="stmt"/>
      <line num="16" count="1" type="stmt"/>
      <line num="17" count="1" type="stmt"/>
      <line num="19" count="1" type="stmt"/>
      <line num="20" count="112" type="stmt"/>
      <line num="21" count="112" type="stmt"/>
      <line num="22" count="112" type="stmt"/>
      <line num="24" count="112" type="stmt"/>
      <line num="25" count="112" type="stmt"/>
      <line num="26" count="112" type="stmt"/>
      <line num="28" count="112" type="stmt"/>
      <line num="29" count="112" type="stmt"/>
      <line num="32" count="1" type="stmt"/>
      <line num="33" count="3" type="stmt"/>
      <line num="34" count="3" type="stmt"/>
      <line num="35" count="2" type="cond" truecount="2" falsecount="0"/>
      <line num="36" count="1" type="stmt"/>
      <line num="38" count="2" type="stmt"/>
      <line num="41" count="1" type="stmt"/>
    </file>
    <file name="alts.js" path="/Users/monine/github/wechat-emoji/src/alts.js">
      <metrics statements="3" coveredstatements="3" conditionals="0" coveredconditionals="0" methods="4" coveredmethods="4"/>
      <line num="1" count="3" type="stmt"/>
      <line num="116" count="336" type="stmt"/>
      <line num="117" count="336" type="stmt"/>
    </file>
    <file name="convert.js" path="/Users/monine/github/wechat-emoji/src/convert.js">
      <metrics statements="19" coveredstatements="19" conditionals="6" coveredconditionals="6" methods="5" coveredmethods="5"/>
      <line num="9" count="2" type="stmt"/>
      <line num="10" count="228" type="stmt"/>
      <line num="11" count="228" type="stmt"/>
      <line num="13" count="228" type="stmt"/>
      <line num="14" count="228" type="stmt"/>
      <line num="15" count="228" type="stmt"/>
      <line num="23" count="2" type="stmt"/>
      <line num="24" count="7" type="stmt"/>
      <line num="25" count="7" type="cond" truecount="2" falsecount="0"/>
      <line num="26" count="7" type="cond" truecount="2" falsecount="0"/>
      <line num="35" count="2" type="stmt"/>
      <line num="36" count="2" type="stmt"/>
      <line num="37" count="223" type="stmt"/>
      <line num="39" count="2" type="stmt"/>
      <line num="47" count="2" type="stmt"/>
      <line num="48" count="2" type="cond" truecount="2" falsecount="0"/>
      <line num="49" count="1" type="stmt"/>
      <line num="50" count="1" type="stmt"/>
      <line num="52" count="2" type="stmt"/>
    </file>
    <file name="index.js" path="/Users/monine/github/wechat-emoji/src/index.js">
      <metrics statements="0" coveredstatements="0" conditionals="0" coveredconditionals="0" methods="0" coveredmethods="0"/>
    </file>
  </project>
</coverage>
