{"/Users/monine/github/wechat-emoji/src/WechatEmojiPanel.js": {"path":"/Users/monine/github/wechat-emoji/src/WechatEmojiPanel.js","statementMap":{"0":{"start":{"line":6,"column":4},"end":{"line":6,"column":27}},"1":{"start":{"line":8,"column":4},"end":{"line":10,"column":5}},"2":{"start":{"line":9,"column":6},"end":{"line":9,"column":56}},"3":{"start":{"line":12,"column":4},"end":{"line":12,"column":23}},"4":{"start":{"line":16,"column":15},"end":{"line":16,"column":43}},"5":{"start":{"line":17,"column":4},"end":{"line":17,"column":43}},"6":{"start":{"line":19,"column":4},"end":{"line":30,"column":5}},"7":{"start":{"line":19,"column":17},"end":{"line":19,"column":18}},"8":{"start":{"line":20,"column":17},"end":{"line":20,"column":45}},"9":{"start":{"line":21,"column":6},"end":{"line":21,"column":45}},"10":{"start":{"line":22,"column":6},"end":{"line":22,"column":39}},"11":{"start":{"line":24,"column":19},"end":{"line":24,"column":49}},"12":{"start":{"line":25,"column":6},"end":{"line":25,"column":53}},"13":{"start":{"line":26,"column":6},"end":{"line":26,"column":57}},"14":{"start":{"line":28,"column":6},"end":{"line":28,"column":27}},"15":{"start":{"line":29,"column":6},"end":{"line":29,"column":25}},"16":{"start":{"line":32,"column":4},"end":{"line":39,"column":7}},"17":{"start":{"line":33,"column":15},"end":{"line":33,"column":23}},"18":{"start":{"line":34,"column":6},"end":{"line":37,"column":7}},"19":{"start":{"line":35,"column":8},"end":{"line":35,"column":40}},"20":{"start":{"line":35,"column":33},"end":{"line":35,"column":40}},"21":{"start":{"line":36,"column":8},"end":{"line":36,"column":30}},"22":{"start":{"line":38,"column":6},"end":{"line":38,"column":61}},"23":{"start":{"line":41,"column":4},"end":{"line":41,"column":36}}},"fnMap":{"0":{"name":"(anonymous_0)","decl":{"start":{"line":5,"column":2},"end":{"line":5,"column":3}},"loc":{"start":{"line":5,"column":23},"end":{"line":13,"column":3}},"line":5},"1":{"name":"(anonymous_1)","decl":{"start":{"line":15,"column":2},"end":{"line":15,"column":3}},"loc":{"start":{"line":15,"column":16},"end":{"line":42,"column":3}},"line":15},"2":{"name":"(anonymous_2)","decl":{"start":{"line":32,"column":33},"end":{"line":32,"column":34}},"loc":{"start":{"line":32,"column":40},"end":{"line":39,"column":5}},"line":32}},"branchMap":{"0":{"loc":{"start":{"line":8,"column":4},"end":{"line":10,"column":5}},"type":"if","locations":[{"start":{"line":8,"column":4},"end":{"line":10,"column":5}},{"start":{"line":8,"column":4},"end":{"line":10,"column":5}}],"line":8},"1":{"loc":{"start":{"line":35,"column":8},"end":{"line":35,"column":40}},"type":"if","locations":[{"start":{"line":35,"column":8},"end":{"line":35,"column":40}},{"start":{"line":35,"column":8},"end":{"line":35,"column":40}}],"line":35}},"s":{"0":2,"1":2,"2":1,"3":1,"4":1,"5":1,"6":1,"7":1,"8":112,"9":112,"10":112,"11":112,"12":112,"13":112,"14":112,"15":112,"16":1,"17":3,"18":3,"19":2,"20":1,"21":1,"22":2,"23":1},"f":{"0":2,"1":1,"2":3},"b":{"0":[1,1],"1":[1,1]},"_coverageSchema":"1a1c01bbd47fc00a2c39e90264f33305004495a9","hash":"1a663553b16f56b6be73d3218aa8e947bf91f7cc"}
,"/Users/monine/github/wechat-emoji/src/alts.js": {"path":"/Users/monine/github/wechat-emoji/src/alts.js","statementMap":{"0":{"start":{"line":1,"column":13},"end":{"line":114,"column":1}},"1":{"start":{"line":116,"column":18},"end":{"line":116,"column":65}},"2":{"start":{"line":116,"column":39},"end":{"line":116,"column":44}},"3":{"start":{"line":116,"column":59},"end":{"line":116,"column":64}},"4":{"start":{"line":117,"column":18},"end":{"line":117,"column":65}},"5":{"start":{"line":117,"column":39},"end":{"line":117,"column":44}},"6":{"start":{"line":117,"column":59},"end":{"line":117,"column":64}}},"fnMap":{"0":{"name":"(anonymous_0)","decl":{"start":{"line":116,"column":30},"end":{"line":116,"column":31}},"loc":{"start":{"line":116,"column":39},"end":{"line":116,"column":44}},"line":116},"1":{"name":"(anonymous_1)","decl":{"start":{"line":116,"column":50},"end":{"line":116,"column":51}},"loc":{"start":{"line":116,"column":59},"end":{"line":116,"column":64}},"line":116},"2":{"name":"(anonymous_2)","decl":{"start":{"line":117,"column":30},"end":{"line":117,"column":31}},"loc":{"start":{"line":117,"column":39},"end":{"line":117,"column":44}},"line":117},"3":{"name":"(anonymous_3)","decl":{"start":{"line":117,"column":50},"end":{"line":117,"column":51}},"loc":{"start":{"line":117,"column":59},"end":{"line":117,"column":64}},"line":117}},"branchMap":{},"s":{"0":3,"1":3,"2":336,"3":336,"4":3,"5":336,"6":333},"f":{"0":336,"1":336,"2":336,"3":333},"b":{},"_coverageSchema":"1a1c01bbd47fc00a2c39e90264f33305004495a9","hash":"cae2c8eb72ca638809eb608abdcdfad98bf63473"}
,"/Users/monine/github/wechat-emoji/src/convert.js": {"path":"/Users/monine/github/wechat-emoji/src/convert.js","statementMap":{"0":{"start":{"line":9,"column":23},"end":{"line":16,"column":1}},"1":{"start":{"line":10,"column":14},"end":{"line":10,"column":43}},"2":{"start":{"line":11,"column":2},"end":{"line":12,"column":80}},"3":{"start":{"line":13,"column":2},"end":{"line":13,"column":48}},"4":{"start":{"line":14,"column":2},"end":{"line":14,"column":52}},"5":{"start":{"line":15,"column":2},"end":{"line":15,"column":13}},"6":{"start":{"line":23,"column":32},"end":{"line":27,"column":1}},"7":{"start":{"line":24,"column":14},"end":{"line":24,"column":29}},"8":{"start":{"line":25,"column":2},"end":{"line":25,"column":41}},"9":{"start":{"line":25,"column":17},"end":{"line":25,"column":41}},"10":{"start":{"line":26,"column":2},"end":{"line":26,"column":49}},"11":{"start":{"line":35,"column":25},"end":{"line":40,"column":1}},"12":{"start":{"line":36,"column":2},"end":{"line":38,"column":5}},"13":{"start":{"line":37,"column":4},"end":{"line":37,"column":66}},"14":{"start":{"line":39,"column":2},"end":{"line":39,"column":14}},"15":{"start":{"line":47,"column":33},"end":{"line":53,"column":1}},"16":{"start":{"line":48,"column":2},"end":{"line":51,"column":3}},"17":{"start":{"line":49,"column":4},"end":{"line":49,"column":38}},"18":{"start":{"line":50,"column":4},"end":{"line":50,"column":38}},"19":{"start":{"line":52,"column":2},"end":{"line":52,"column":14}}},"fnMap":{"0":{"name":"(anonymous_0)","decl":{"start":{"line":9,"column":23},"end":{"line":9,"column":24}},"loc":{"start":{"line":9,"column":30},"end":{"line":16,"column":1}},"line":9},"1":{"name":"(anonymous_1)","decl":{"start":{"line":23,"column":32},"end":{"line":23,"column":33}},"loc":{"start":{"line":23,"column":41},"end":{"line":27,"column":1}},"line":23},"2":{"name":"(anonymous_2)","decl":{"start":{"line":35,"column":25},"end":{"line":35,"column":26}},"loc":{"start":{"line":35,"column":41},"end":{"line":40,"column":1}},"line":35},"3":{"name":"(anonymous_3)","decl":{"start":{"line":36,"column":15},"end":{"line":36,"column":16}},"loc":{"start":{"line":36,"column":32},"end":{"line":38,"column":3}},"line":36},"4":{"name":"(anonymous_4)","decl":{"start":{"line":47,"column":33},"end":{"line":47,"column":34}},"loc":{"start":{"line":47,"column":43},"end":{"line":53,"column":1}},"line":47}},"branchMap":{"0":{"loc":{"start":{"line":25,"column":2},"end":{"line":25,"column":41}},"type":"if","locations":[{"start":{"line":25,"column":2},"end":{"line":25,"column":41}},{"start":{"line":25,"column":2},"end":{"line":25,"column":41}}],"line":25},"1":{"loc":{"start":{"line":26,"column":9},"end":{"line":26,"column":48}},"type":"cond-expr","locations":[{"start":{"line":26,"column":21},"end":{"line":26,"column":24}},{"start":{"line":26,"column":27},"end":{"line":26,"column":48}}],"line":26},"2":{"loc":{"start":{"line":48,"column":2},"end":{"line":51,"column":3}},"type":"if","locations":[{"start":{"line":48,"column":2},"end":{"line":51,"column":3}},{"start":{"line":48,"column":2},"end":{"line":51,"column":3}}],"line":48}},"s":{"0":2,"1":228,"2":228,"3":228,"4":228,"5":228,"6":2,"7":7,"8":7,"9":4,"10":7,"11":2,"12":2,"13":223,"14":2,"15":2,"16":2,"17":1,"18":1,"19":2},"f":{"0":228,"1":7,"2":2,"3":223,"4":2},"b":{"0":[4,3],"1":[2,5],"2":[1,1]},"_coverageSchema":"1a1c01bbd47fc00a2c39e90264f33305004495a9","hash":"e9c528819e1a2940cc9deb38b2e0a44b2e5cbd78"}
,"/Users/monine/github/wechat-emoji/src/index.js": {"path":"/Users/monine/github/wechat-emoji/src/index.js","statementMap":{},"fnMap":{},"branchMap":{},"s":{},"f":{},"b":{},"_coverageSchema":"1a1c01bbd47fc00a2c39e90264f33305004495a9","hash":"11a91b3874c4e9e5f1e732e30e8bbc1be4431d75"}
}
