TN:
SF:src/WechatEmojiPanel.js
FN:5,(anonymous_0)
FN:15,(anonymous_1)
FN:32,(anonymous_2)
FNF:3
FNH:3
FNDA:2,(anonymous_0)
FNDA:1,(anonymous_1)
FNDA:3,(anonymous_2)
DA:6,2
DA:8,2
DA:9,1
DA:12,1
DA:16,1
DA:17,1
DA:19,1
DA:20,112
DA:21,112
DA:22,112
DA:24,112
DA:25,112
DA:26,112
DA:28,112
DA:29,112
DA:32,1
DA:33,3
DA:34,3
DA:35,2
DA:36,1
DA:38,2
DA:41,1
LF:22
LH:22
BRDA:8,0,0,1
BRDA:8,0,1,1
BRDA:35,1,0,1
BRDA:35,1,1,1
BRF:4
BRH:4
end_of_record
TN:
SF:src/alts.js
FN:116,(anonymous_0)
FN:116,(anonymous_1)
FN:117,(anonymous_2)
FN:117,(anonymous_3)
FNF:4
FNH:4
FNDA:336,(anonymous_0)
FNDA:336,(anonymous_1)
FNDA:336,(anonymous_2)
FNDA:333,(anonymous_3)
DA:1,3
DA:116,336
DA:117,336
LF:3
LH:3
BRF:0
BRH:0
end_of_record
TN:
SF:src/convert.js
FN:9,(anonymous_0)
FN:23,(anonymous_1)
FN:35,(anonymous_2)
FN:36,(anonymous_3)
FN:47,(anonymous_4)
FNF:5
FNH:5
FNDA:228,(anonymous_0)
FNDA:7,(anonymous_1)
FNDA:2,(anonymous_2)
FNDA:223,(anonymous_3)
FNDA:2,(anonymous_4)
DA:9,2
DA:10,228
DA:11,228
DA:13,228
DA:14,228
DA:15,228
DA:23,2
DA:24,7
DA:25,7
DA:26,7
DA:35,2
DA:36,2
DA:37,223
DA:39,2
DA:47,2
DA:48,2
DA:49,1
DA:50,1
DA:52,2
LF:19
LH:19
BRDA:25,0,0,4
BRDA:25,0,1,3
BRDA:26,1,0,2
BRDA:26,1,1,5
BRDA:48,2,0,1
BRDA:48,2,1,1
BRF:6
BRH:6
end_of_record
TN:
SF:src/index.js
FNF:0
FNH:0
LF:0
LH:0
BRF:0
BRH:0
end_of_record
